[debug] [2021-08-09T07:02:53.923Z] ----------------------------------------------------------------------
[debug] [2021-08-09T07:02:53.927Z] Command:       C:\Program Files\nodejs\node.exe C:\Users\unglo\AppData\Roaming\npm\node_modules\firebase-tools\lib\bin\firebase.js init
[debug] [2021-08-09T07:02:53.927Z] CLI Version:   9.16.0
[debug] [2021-08-09T07:02:53.928Z] Platform:      win32
[debug] [2021-08-09T07:02:53.928Z] Node Version:  v12.16.3
[debug] [2021-08-09T07:02:53.930Z] Time:          Mon Aug 09 2021 10:02:53 GMT+0300 (GMT+03:00)
[debug] [2021-08-09T07:02:53.931Z] ----------------------------------------------------------------------
[debug] 
[debug] [2021-08-09T07:02:53.943Z] > command requires scopes: ["email","openid","https://www.googleapis.com/auth/cloudplatformprojects.readonly","https://www.googleapis.com/auth/firebase","https://www.googleapis.com/auth/cloud-platform"]
[debug] [2021-08-09T07:02:53.943Z] > authorizing via signed-in user (unglory44@gmail.com)
[info] 
     ######## #### ########  ######## ########     ###     ######  ########
     ##        ##  ##     ## ##       ##     ##  ##   ##  ##       ##
     ######    ##  ########  ######   ########  #########  ######  ######
     ##        ##  ##    ##  ##       ##     ## ##     ##       ## ##
     ##       #### ##     ## ######## ########  ##     ##  ######  ########

You're about to initialize a Firebase project in this directory:

  C:\__DEV\work\abtest

Before we get started, keep in mind:

  * You are currently outside your home directory

[info] 
=== Project Setup
[info] 
[info] First, let's associate this project directory with a Firebase project.
[info] You can create multiple project aliases by running firebase use --add, 
[info] but for now we'll just set up a default project.
[info] 
[debug] [2021-08-09T07:03:01.742Z] >>> [apiv2][query] GET https://firebase.googleapis.com/v1beta1/projects pageSize=100
[debug] [2021-08-09T07:03:02.509Z] <<< [apiv2][status] GET https://firebase.googleapis.com/v1beta1/projects 200
[debug] [2021-08-09T07:03:02.510Z] <<< [apiv2][body] GET https://firebase.googleapis.com/v1beta1/projects [omitted]
[info] i  Using project find-n (find-n) 
[info] 
=== Hosting Setup
[info] 
[info] Your public directory is the folder (relative to your project directory) that
[info] will contain Hosting assets to be uploaded with firebase deploy. If you
[info] have a build process for your assets, use your build's output directory.
[info] 
[info] +  Wrote public/404.html 
[debug] [2021-08-09T07:03:21.885Z] >>> [apiv2][query] GET https://www.gstatic.com/firebasejs/releases.json [none]
[debug] [2021-08-09T07:03:22.381Z] <<< [apiv2][status] GET https://www.gstatic.com/firebasejs/releases.json 200
[debug] [2021-08-09T07:03:22.382Z] <<< [apiv2][body] GET https://www.gstatic.com/firebasejs/releases.json {"current":{"version":"8.9.0","browserURL":"https://www.gstatic.com/firebasejs/8.9.0/firebase.js","packageURL":"https://www.gstatic.com/firebasejs/8.9.0/firebase.tgz"},"live":{"version":"8.9","browserURL":"https://www.gstatic.com/firebasejs/live/8.9/firebase.js","packageURL":"https://www.gstatic.com/firebasejs/live/8.9/firebase.tgz"},"components":{"analytics":"https://www.gstatic.com/firebasejs/8.9.0/firebase-analytics.js","app":"https://www.gstatic.com/firebasejs/8.9.0/firebase-app.js","app-check":"https://www.gstatic.com/firebasejs/8.9.0/firebase-app-check.js","auth":"https://www.gstatic.com/firebasejs/8.9.0/firebase-auth.js","database":"https://www.gstatic.com/firebasejs/8.9.0/firebase-database.js","firestore":"https://www.gstatic.com/firebasejs/8.9.0/firebase-firestore.js","functions":"https://www.gstatic.com/firebasejs/8.9.0/firebase-functions.js","installations":"https://www.gstatic.com/firebasejs/8.9.0/firebase-installations.js","messaging":"https://www.gstatic.com/firebasejs/8.9.0/firebase-messaging.js","storage":"https://www.gstatic.com/firebasejs/8.9.0/firebase-storage.js","performance":"https://www.gstatic.com/firebasejs/8.9.0/firebase-performance.js","remote-config":"https://www.gstatic.com/firebasejs/8.9.0/firebase-remote-config.js","firestore.memory":"https://www.gstatic.com/firebasejs/8.9.0/firebase-firestore.memory.js"}}
[info] i  Skipping write of public/index.html 
[info] 
[info] i  Detected a .git folder at C:\__DEV\work\abtest 
[info] i  Authorizing with GitHub to upload your service account to a GitHub repository's secrets store. 
[info] 
[info] Visit this URL on this device to log in:
[info] https://github.com/login/oauth/authorize?client_id=89cf50f02ac6aaed3484&state=118899552&redirect_uri=http%3A%2F%2Flocalhost%3A9005&scope=read%3Auser%20repo%20public_repo
[info] 
[info] Waiting for authentication...
[debug] [2021-08-09T07:03:28.893Z] >>> HTTP REQUEST POST https://github.com/login/oauth/access_token  
 {"client_id":"89cf50f02ac6aaed3484","client_secret":"3330d14abc895d9a74d5f17cd7a00711fa2c5bf0","code":"ee3ebb70ed14b682d8e8","redirect_uri":"http://localhost:9005","state":"118899552"}
[debug] [2021-08-09T07:03:29.313Z] <<< HTTP RESPONSE 200 {"server":"GitHub.com","date":"Mon, 09 Aug 2021 07:03:26 GMT","content-type":"application/json; charset=utf-8","transfer-encoding":"chunked","vary":"X-PJAX, Accept-Encoding, Accept, X-Requested-With","permissions-policy":"interest-cohort=()","etag":"W/\"60ff432819dd37bf40835764eb212b4c\"","cache-control":"max-age=0, private, must-revalidate","strict-transport-security":"max-age=31536000; includeSubdomains; preload","x-frame-options":"deny","x-content-type-options":"nosniff","x-xss-protection":"0","referrer-policy":"origin-when-cross-origin, strict-origin-when-cross-origin","expect-ct":"max-age=2592000, report-uri=\"https://api.github.com/_private/browser/errors\"","content-security-policy":"default-src 'none'; base-uri 'self'; block-all-mixed-content; connect-src 'self' uploads.github.com www.githubstatus.com collector.githubapp.com api.github.com github-cloud.s3.amazonaws.com github-production-repository-file-5c1aeb.s3.amazonaws.com github-production-upload-manifest-file-7fdce7.s3.amazonaws.com github-production-user-asset-6210df.s3.amazonaws.com cdn.optimizely.com logx.optimizely.com/v1/events translator.github.com wss://alive.github.com; font-src github.githubassets.com; form-action 'self' github.com gist.github.com; frame-ancestors 'none'; frame-src render.githubusercontent.com render-temp.githubusercontent.com viewscreen.githubusercontent.com; img-src 'self' data: github.githubassets.com identicons.github.com collector.githubapp.com github-cloud.s3.amazonaws.com secured-user-images.githubusercontent.com/ *.githubusercontent.com; manifest-src 'self'; media-src 'none'; script-src github.githubassets.com; style-src 'unsafe-inline' github.githubassets.com; worker-src github.com/socket-worker-3f088aa2.js gist.github.com/socket-worker-3f088aa2.js","x-github-request-id":"1649:C8F8:48A248E:4B72511:6110D33E"}
[debug] [2021-08-09T07:03:29.318Z] >>> [apiv2][query] GET https://api.github.com/user [none]
[debug] [2021-08-09T07:03:29.715Z] <<< [apiv2][status] GET https://api.github.com/user 200
[debug] [2021-08-09T07:03:29.716Z] <<< [apiv2][body] GET https://api.github.com/user {"login":"HyrepBall","id":13719626,"node_id":"MDQ6VXNlcjEzNzE5NjI2","avatar_url":"https://avatars.githubusercontent.com/u/13719626?v=4","gravatar_id":"","url":"https://api.github.com/users/HyrepBall","html_url":"https://github.com/HyrepBall","followers_url":"https://api.github.com/users/HyrepBall/followers","following_url":"https://api.github.com/users/HyrepBall/following{/other_user}","gists_url":"https://api.github.com/users/HyrepBall/gists{/gist_id}","starred_url":"https://api.github.com/users/HyrepBall/starred{/owner}{/repo}","subscriptions_url":"https://api.github.com/users/HyrepBall/subscriptions","organizations_url":"https://api.github.com/users/HyrepBall/orgs","repos_url":"https://api.github.com/users/HyrepBall/repos","events_url":"https://api.github.com/users/HyrepBall/events{/privacy}","received_events_url":"https://api.github.com/users/HyrepBall/received_events","type":"User","site_admin":false,"name":null,"company":null,"blog":"","location":null,"email":null,"hireable":null,"bio":null,"twitter_username":null,"public_repos":16,"public_gists":0,"followers":0,"following":0,"created_at":"2015-08-09T16:03:53Z","updated_at":"2021-08-09T07:00:05Z","private_gists":0,"total_private_repos":0,"owned_private_repos":0,"disk_usage":24439,"collaborators":0,"two_factor_authentication":false,"plan":{"name":"free","space":976562499,"collaborators":0,"private_repos":10000}}
[info] 
[info] +  Success! Logged into GitHub as HyrepBall 
[info] 
[debug] [2021-08-09T07:03:58.877Z] >>> [apiv2][query] GET https://api.github.com/repos/HyrepBall/spu/actions/secrets/public-key type=owner
[debug] [2021-08-09T07:03:59.256Z] <<< [apiv2][status] GET https://api.github.com/repos/HyrepBall/spu/actions/secrets/public-key 200
[debug] [2021-08-09T07:03:59.256Z] <<< [apiv2][body] GET https://api.github.com/repos/HyrepBall/spu/actions/secrets/public-key {"key_id":"568250167242549743","key":"RG5opqEp8zP6gTCYqWN4aSP7Y+kx5tdz4UhjMR7XCR0="}
[debug] [2021-08-09T07:03:59.263Z] >>> [apiv2][query] GET https://api.github.com/repos/HyrepBall/spu [none]
[debug] [2021-08-09T07:03:59.565Z] <<< [apiv2][status] GET https://api.github.com/repos/HyrepBall/spu 200
[debug] [2021-08-09T07:03:59.565Z] <<< [apiv2][body] GET https://api.github.com/repos/HyrepBall/spu {"id":148141760,"node_id":"MDEwOlJlcG9zaXRvcnkxNDgxNDE3NjA=","name":"spu","full_name":"HyrepBall/spu","private":false,"owner":{"login":"HyrepBall","id":13719626,"node_id":"MDQ6VXNlcjEzNzE5NjI2","avatar_url":"https://avatars.githubusercontent.com/u/13719626?v=4","gravatar_id":"","url":"https://api.github.com/users/HyrepBall","html_url":"https://github.com/HyrepBall","followers_url":"https://api.github.com/users/HyrepBall/followers","following_url":"https://api.github.com/users/HyrepBall/following{/other_user}","gists_url":"https://api.github.com/users/HyrepBall/gists{/gist_id}","starred_url":"https://api.github.com/users/HyrepBall/starred{/owner}{/repo}","subscriptions_url":"https://api.github.com/users/HyrepBall/subscriptions","organizations_url":"https://api.github.com/users/HyrepBall/orgs","repos_url":"https://api.github.com/users/HyrepBall/repos","events_url":"https://api.github.com/users/HyrepBall/events{/privacy}","received_events_url":"https://api.github.com/users/HyrepBall/received_events","type":"User","site_admin":false},"html_url":"https://github.com/HyrepBall/spu","description":null,"fork":false,"url":"https://api.github.com/repos/HyrepBall/spu","forks_url":"https://api.github.com/repos/HyrepBall/spu/forks","keys_url":"https://api.github.com/repos/HyrepBall/spu/keys{/key_id}","collaborators_url":"https://api.github.com/repos/HyrepBall/spu/collaborators{/collaborator}","teams_url":"https://api.github.com/repos/HyrepBall/spu/teams","hooks_url":"https://api.github.com/repos/HyrepBall/spu/hooks","issue_events_url":"https://api.github.com/repos/HyrepBall/spu/issues/events{/number}","events_url":"https://api.github.com/repos/HyrepBall/spu/events","assignees_url":"https://api.github.com/repos/HyrepBall/spu/assignees{/user}","branches_url":"https://api.github.com/repos/HyrepBall/spu/branches{/branch}","tags_url":"https://api.github.com/repos/HyrepBall/spu/tags","blobs_url":"https://api.github.com/repos/HyrepBall/spu/git/blobs{/sha}","git_tags_url":"https://api.github.com/repos/HyrepBall/spu/git/tags{/sha}","git_refs_url":"https://api.github.com/repos/HyrepBall/spu/git/refs{/sha}","trees_url":"https://api.github.com/repos/HyrepBall/spu/git/trees{/sha}","statuses_url":"https://api.github.com/repos/HyrepBall/spu/statuses/{sha}","languages_url":"https://api.github.com/repos/HyrepBall/spu/languages","stargazers_url":"https://api.github.com/repos/HyrepBall/spu/stargazers","contributors_url":"https://api.github.com/repos/HyrepBall/spu/contributors","subscribers_url":"https://api.github.com/repos/HyrepBall/spu/subscribers","subscription_url":"https://api.github.com/repos/HyrepBall/spu/subscription","commits_url":"https://api.github.com/repos/HyrepBall/spu/commits{/sha}","git_commits_url":"https://api.github.com/repos/HyrepBall/spu/git/commits{/sha}","comments_url":"https://api.github.com/repos/HyrepBall/spu/comments{/number}","issue_comment_url":"https://api.github.com/repos/HyrepBall/spu/issues/comments{/number}","contents_url":"https://api.github.com/repos/HyrepBall/spu/contents/{+path}","compare_url":"https://api.github.com/repos/HyrepBall/spu/compare/{base}...{head}","merges_url":"https://api.github.com/repos/HyrepBall/spu/merges","archive_url":"https://api.github.com/repos/HyrepBall/spu/{archive_format}{/ref}","downloads_url":"https://api.github.com/repos/HyrepBall/spu/downloads","issues_url":"https://api.github.com/repos/HyrepBall/spu/issues{/number}","pulls_url":"https://api.github.com/repos/HyrepBall/spu/pulls{/number}","milestones_url":"https://api.github.com/repos/HyrepBall/spu/milestones{/number}","notifications_url":"https://api.github.com/repos/HyrepBall/spu/notifications{?since,all,participating}","labels_url":"https://api.github.com/repos/HyrepBall/spu/labels{/name}","releases_url":"https://api.github.com/repos/HyrepBall/spu/releases{/id}","deployments_url":"https://api.github.com/repos/HyrepBall/spu/deployments","created_at":"2018-09-10T10:57:09Z","updated_at":"2018-09-10T11:03:16Z","pushed_at":"2018-09-16T19:38:44Z","git_url":"git://github.com/HyrepBall/spu.git","ssh_url":"git@github.com:HyrepBall/spu.git","clone_url":"https://github.com/HyrepBall/spu.git","svn_url":"https://github.com/HyrepBall/spu","homepage":null,"size":5999,"stargazers_count":0,"watchers_count":0,"language":"CSS","has_issues":true,"has_projects":true,"has_downloads":true,"has_wiki":true,"has_pages":true,"forks_count":0,"mirror_url":null,"archived":false,"disabled":false,"open_issues_count":0,"license":null,"forks":0,"open_issues":0,"watchers":0,"default_branch":"master","permissions":{"admin":true,"push":true,"pull":true},"temp_clone_token":"","allow_squash_merge":true,"allow_merge_commit":true,"allow_rebase_merge":true,"allow_auto_merge":false,"delete_branch_on_merge":false,"network_count":0,"subscribers_count":2}
[debug] [2021-08-09T07:03:59.571Z] > refreshing access token with scopes: ["email","https://www.googleapis.com/auth/cloud-platform","https://www.googleapis.com/auth/cloudplatformprojects.readonly","https://www.googleapis.com/auth/firebase","openid"]
[debug] [2021-08-09T07:03:59.572Z] >>> HTTP REQUEST POST https://www.googleapis.com/oauth2/v3/token  
 <request body omitted>
[debug] [2021-08-09T07:03:59.767Z] <<< HTTP RESPONSE 200 {"cache-control":"no-cache, no-store, max-age=0, must-revalidate","expires":"Mon, 01 Jan 1990 00:00:00 GMT","pragma":"no-cache","date":"Mon, 09 Aug 2021 07:03:57 GMT","content-type":"application/json; charset=utf-8","vary":"X-Origin, Referer, Origin,Accept-Encoding","server":"scaffolding on HTTPServer2","x-xss-protection":"0","x-frame-options":"SAMEORIGIN","x-content-type-options":"nosniff","alt-svc":"h3=\":443\"; ma=2592000,h3-29=\":443\"; ma=2592000,h3-T051=\":443\"; ma=2592000,h3-Q050=\":443\"; ma=2592000,h3-Q046=\":443\"; ma=2592000,h3-Q043=\":443\"; ma=2592000,quic=\":443\"; ma=2592000; v=\"46,43\"","accept-ranges":"none","transfer-encoding":"chunked"}
[debug] [2021-08-09T07:03:59.804Z] >>> HTTP REQUEST POST https://iam.googleapis.com/v1/projects/find-n/serviceAccounts  
 {"accountId":"github-action-148141760","serviceAccount":{"displayName":"GitHub Actions (HyrepBall/spu)","description":"A service account with permission to deploy to Firebase Hosting for the GitHub repository HyrepBall/spu"}}
